<?xml version="1.0" encoding="UTF-8"?>
<!-- Generated by org.testng.reporters.JUnitReportReporter -->
<testsuite hostname="saurabhsingh" failures="0" tests="10" name="algocrate.dataStructures.DateTest" time="0.015" errors="0" timestamp="2025-02-28T01:24:25 IST" skipped="0">
  <testcase classname="algocrate.dataStructures.DateTest" name="testInvalidDateConstructor" time="0.001"/>
  <system-out/>
  <testcase classname="algocrate.dataStructures.DateTest" name="testInvalidMonth" time="0.000"/>
  <system-out/>
  <testcase classname="algocrate.dataStructures.DateTest" name="testLeapYearNextDay" time="0.003"/>
  <system-out/>
  <testcase classname="algocrate.dataStructures.DateTest" name="testValidDateConstructor" time="0.001"/>
  <system-out/>
  <testcase classname="algocrate.dataStructures.DateTest" name="testComparison" time="0.007"/>
  <system-out/>
  <testcase classname="algocrate.dataStructures.DateTest" name="testHashCode" time="0.001"/>
  <system-out/>
  <testcase classname="algocrate.dataStructures.DateTest" name="testToStringFormat" time="0.000"/>
  <system-out/>
  <testcase classname="algocrate.dataStructures.DateTest" name="testEquals" time="0.001"/>
  <system-out/>
  <testcase classname="algocrate.dataStructures.DateTest" name="testInvalidDateStringFormat" time="0.001"/>
  <system-out/>
  <testcase classname="algocrate.dataStructures.DateTest" name="testNextDate" time="0.000"/>
  <system-out/>
</testsuite> <!-- algocrate.dataStructures.DateTest -->
