<?xml version="1.0" encoding="UTF-8"?>
<!-- Generated by org.testng.reporters.JUnitReportReporter -->
<testsuite hostname="saurabhsingh" failures="0" tests="8" name="algocrate.dataStructures.StackTest" time="0.014" errors="0" timestamp="2025-02-28T05:12:51 IST" skipped="0">
  <testcase classname="algocrate.dataStructures.StackTest" name="testPopEmptyStack" time="0.001"/>
  <system-out/>
  <testcase classname="algocrate.dataStructures.StackTest" name="testToString" time="0.001"/>
  <system-out/>
  <testcase classname="algocrate.dataStructures.StackTest" name="testSize" time="0.001"/>
  <system-out/>
  <testcase classname="algocrate.dataStructures.StackTest" name="testGenericTypes" time="0.007"/>
  <system-out/>
  <testcase classname="algocrate.dataStructures.StackTest" name="testPeek" time="0.001"/>
  <system-out/>
  <testcase classname="algocrate.dataStructures.StackTest" name="testIsEmpty" time="0.001"/>
  <system-out/>
  <testcase classname="algocrate.dataStructures.StackTest" name="testIterator" time="0.001"/>
  <system-out/>
  <testcase classname="algocrate.dataStructures.StackTest" name="testPushAndPop" time="0.001"/>
  <system-out/>
</testsuite> <!-- algocrate.dataStructures.StackTest -->
