<?xml version="1.0" encoding="UTF-8"?>
<!-- Generated by org.testng.reporters.JUnitReportReporter -->
<testsuite hostname="saurabhsingh" failures="0" tests="6" name="algocrate.dataStructures.TransactionTest" time="0.011" errors="0" timestamp="2025-02-28T02:40:45 IST" skipped="0">
  <testcase classname="algocrate.dataStructures.TransactionTest" name="testTransactionParsing" time="0.001"/>
  <system-out/>
  <testcase classname="algocrate.dataStructures.TransactionTest" name="testSortingByAmountDescending" time="0.000"/>
  <system-out/>
  <testcase classname="algocrate.dataStructures.TransactionTest" name="testCompareByAmount" time="0.007"/>
  <system-out/>
  <testcase classname="algocrate.dataStructures.TransactionTest" name="testCompareByWhen" time="0.001"/>
  <system-out/>
  <testcase classname="algocrate.dataStructures.TransactionTest" name="testSortingByDate" time="0.001"/>
  <system-out/>
  <testcase classname="algocrate.dataStructures.TransactionTest" name="testCompareByWho" time="0.001"/>
  <system-out/>
</testsuite> <!-- algocrate.dataStructures.TransactionTest -->
